<?xml version="1.0" encoding="UTF-8"?>
<!-- Generated by org.testng.reporters.JUnitReportReporter -->
<testsuite skipped="0" hostname="TYSS_MQAS" name="com.app.androidapp.scripts.TC_001_TestScript1" tests="1" failures="0" timestamp="05 Jun 2020 07:23:12 GMT" time="7.269" errors="0">
  <testcase name="tc_001_testOne" time="7.269" classname="com.app.androidapp.scripts.TC_001_TestScript1"/>
</testsuite> <!-- com.app.androidapp.scripts.TC_001_TestScript1 -->
